
  /// MultiQC 🔍 | v1.17

|           multiqc | Search path : /mnt/GDrive_01/Monash/21_Scripts/nf-mucimmuno/scRNAseq/work/4e/676efd5a56a148ae9463f275599bf7/KT_1_fastqc.html
|           multiqc | Search path : /mnt/GDrive_01/Monash/21_Scripts/nf-mucimmuno/scRNAseq/work/4e/676efd5a56a148ae9463f275599bf7/KT_2_fastqc.html
|           multiqc | Search path : /mnt/GDrive_01/Monash/21_Scripts/nf-mucimmuno/scRNAseq/work/4e/676efd5a56a148ae9463f275599bf7/DM_1_fastqc.html
|           multiqc | Search path : /mnt/GDrive_01/Monash/21_Scripts/nf-mucimmuno/scRNAseq/work/4e/676efd5a56a148ae9463f275599bf7/DM_2_fastqc.html
|           multiqc | Search path : /mnt/GDrive_01/Monash/21_Scripts/nf-mucimmuno/scRNAseq/work/4e/676efd5a56a148ae9463f275599bf7/PLN_1_fastqc.html
|           multiqc | Search path : /mnt/GDrive_01/Monash/21_Scripts/nf-mucimmuno/scRNAseq/work/4e/676efd5a56a148ae9463f275599bf7/PLN_2_fastqc.html
|           multiqc | Search path : /mnt/GDrive_01/Monash/21_Scripts/nf-mucimmuno/scRNAseq/work/4e/676efd5a56a148ae9463f275599bf7/SB_1_fastqc.html
|           multiqc | Search path : /mnt/GDrive_01/Monash/21_Scripts/nf-mucimmuno/scRNAseq/work/4e/676efd5a56a148ae9463f275599bf7/SB_2_fastqc.html
|           multiqc | Search path : /mnt/GDrive_01/Monash/21_Scripts/nf-mucimmuno/scRNAseq/work/4e/676efd5a56a148ae9463f275599bf7/KT_1_fastqc.zip
|           multiqc | Search path : /mnt/GDrive_01/Monash/21_Scripts/nf-mucimmuno/scRNAseq/work/4e/676efd5a56a148ae9463f275599bf7/KT_2_fastqc.zip
|           multiqc | Search path : /mnt/GDrive_01/Monash/21_Scripts/nf-mucimmuno/scRNAseq/work/4e/676efd5a56a148ae9463f275599bf7/DM_1_fastqc.zip
|           multiqc | Search path : /mnt/GDrive_01/Monash/21_Scripts/nf-mucimmuno/scRNAseq/work/4e/676efd5a56a148ae9463f275599bf7/DM_2_fastqc.zip
|           multiqc | Search path : /mnt/GDrive_01/Monash/21_Scripts/nf-mucimmuno/scRNAseq/work/4e/676efd5a56a148ae9463f275599bf7/PLN_1_fastqc.zip
|           multiqc | Search path : /mnt/GDrive_01/Monash/21_Scripts/nf-mucimmuno/scRNAseq/work/4e/676efd5a56a148ae9463f275599bf7/PLN_2_fastqc.zip
|           multiqc | Search path : /mnt/GDrive_01/Monash/21_Scripts/nf-mucimmuno/scRNAseq/work/4e/676efd5a56a148ae9463f275599bf7/SB_1_fastqc.zip
|           multiqc | Search path : /mnt/GDrive_01/Monash/21_Scripts/nf-mucimmuno/scRNAseq/work/4e/676efd5a56a148ae9463f275599bf7/SB_2_fastqc.zip
|         searching | ━━━━━━━━━━━━━━━━━━━━━━━━━━━━━━━━━━━━━━━━ 100% 16/16  
|            fastqc | Found 8 reports
|           multiqc | Report      : pretrim_multiqc_report.html
|           multiqc | Data        : pretrim_multiqc_report_data
|           multiqc | MultiQC complete
