[2024-06-22 14:18:05,368] multiqc                                            [DEBUG  ]  This is MultiQC v1.17
[2024-06-22 14:18:05,368] multiqc                                            [DEBUG  ]  Command used: /home/matthew/mambaforge/envs/nextflow-scrnaseq/bin/multiqc PLN_1_val_1_fastqc.html PLN_2_val_2_fastqc.html DM_1_val_1_fastqc.html DM_2_val_2_fastqc.html KT_1_val_1_fastqc.html KT_2_val_2_fastqc.html SB_1_val_1_fastqc.html SB_2_val_2_fastqc.html PLN_1_val_1_fastqc.zip PLN_2_val_2_fastqc.zip DM_1_val_1_fastqc.zip DM_2_val_2_fastqc.zip KT_1_val_1_fastqc.zip KT_2_val_2_fastqc.zip SB_1_val_1_fastqc.zip SB_2_val_2_fastqc.zip --outdir . --filename posttrim_multiqc_report.html
[2024-06-22 14:18:07,129] multiqc                                            [DEBUG  ]  Could not connect to multiqc.info for version check: module 'packaging.version' has no attribute 'StrictVersion'
[2024-06-22 14:18:07,130] multiqc                                            [DEBUG  ]  Working dir : /mnt/GDrive_01/Monash/21_Scripts/nf-mucimmuno/scRNAseq/work/e0/0397e5a26e007cea1058d11bc15f7a
[2024-06-22 14:18:07,132] multiqc                                            [DEBUG  ]  Template    : default
[2024-06-22 14:18:07,133] multiqc                                            [DEBUG  ]  Running Python 3.12.2 | packaged by conda-forge | (main, Feb 16 2024, 20:50:58) [GCC 12.3.0]
[2024-06-22 14:18:07,134] multiqc                                            [DEBUG  ]  Analysing modules: custom_content, ccs, ngsderive, purple, conpair, lima, peddy, somalier, methylQA, mosdepth, phantompeakqualtools, qualimap, preseq, hifiasm, quast, qorts, rna_seqc, rockhopper, rsem, rseqc, busco, bustools, goleft_indexcov, gffcompare, disambiguate, supernova, deeptools, sargasso, verifybamid, mirtrace, happy, mirtop, sambamba, gopeaks, homer, hops, macs2, theta2, snpeff, gatk, htseq, bcftools, featureCounts, fgbio, dragen, dragen_fastqc, dedup, pbmarkdup, damageprofiler, mapdamage, biobambam2, jcvi, mtnucratio, picard, vep, sentieon, bakta, prokka, qc3C, nanostat, samblaster, samtools, sexdeterrmine, eigenstratdatabasetools, bamtools, jellyfish, vcftools, longranger, stacks, varscan2, snippy, umitools, truvari, bbmap, bismark, biscuit, diamond, hicexplorer, hicup, hicpro, salmon, kallisto, slamdunk, star, hisat2, tophat, bowtie2, bowtie1, cellranger, snpsplit, odgi, pangolin, nextclade, freyja, humid, kat, leehom, librarian, adapterRemoval, bbduk, clipandmerge, cutadapt, flexbar, sourmash, kaiju, bracken, kraken, malt, motus, trimmomatic, sickle, skewer, sortmerna, biobloomtools, fastq_screen, afterqc, fastp, fastqc, filtlong, prinseqplusplus, pychopper, porechop, pycoqc, minionqc, anglerfish, multivcfanalyzer, clusterflow, checkqc, bcl2fastq, bclconvert, interop, ivar, flash, seqyclean, optitype, whatshap
[2024-06-22 14:18:07,134] multiqc                                            [DEBUG  ]  Using temporary directory for creating report: /tmp/tmpbrry9ug4
[2024-06-22 14:18:07,136] multiqc                                            [INFO   ]  Search path : /mnt/GDrive_01/Monash/21_Scripts/nf-mucimmuno/scRNAseq/work/e0/0397e5a26e007cea1058d11bc15f7a/PLN_1_val_1_fastqc.html
[2024-06-22 14:18:07,136] multiqc                                            [INFO   ]  Search path : /mnt/GDrive_01/Monash/21_Scripts/nf-mucimmuno/scRNAseq/work/e0/0397e5a26e007cea1058d11bc15f7a/PLN_2_val_2_fastqc.html
[2024-06-22 14:18:07,136] multiqc                                            [INFO   ]  Search path : /mnt/GDrive_01/Monash/21_Scripts/nf-mucimmuno/scRNAseq/work/e0/0397e5a26e007cea1058d11bc15f7a/DM_1_val_1_fastqc.html
[2024-06-22 14:18:07,136] multiqc                                            [INFO   ]  Search path : /mnt/GDrive_01/Monash/21_Scripts/nf-mucimmuno/scRNAseq/work/e0/0397e5a26e007cea1058d11bc15f7a/DM_2_val_2_fastqc.html
[2024-06-22 14:18:07,136] multiqc                                            [INFO   ]  Search path : /mnt/GDrive_01/Monash/21_Scripts/nf-mucimmuno/scRNAseq/work/e0/0397e5a26e007cea1058d11bc15f7a/KT_1_val_1_fastqc.html
[2024-06-22 14:18:07,137] multiqc                                            [INFO   ]  Search path : /mnt/GDrive_01/Monash/21_Scripts/nf-mucimmuno/scRNAseq/work/e0/0397e5a26e007cea1058d11bc15f7a/KT_2_val_2_fastqc.html
[2024-06-22 14:18:07,137] multiqc                                            [INFO   ]  Search path : /mnt/GDrive_01/Monash/21_Scripts/nf-mucimmuno/scRNAseq/work/e0/0397e5a26e007cea1058d11bc15f7a/SB_1_val_1_fastqc.html
[2024-06-22 14:18:07,137] multiqc                                            [INFO   ]  Search path : /mnt/GDrive_01/Monash/21_Scripts/nf-mucimmuno/scRNAseq/work/e0/0397e5a26e007cea1058d11bc15f7a/SB_2_val_2_fastqc.html
[2024-06-22 14:18:07,137] multiqc                                            [INFO   ]  Search path : /mnt/GDrive_01/Monash/21_Scripts/nf-mucimmuno/scRNAseq/work/e0/0397e5a26e007cea1058d11bc15f7a/PLN_1_val_1_fastqc.zip
[2024-06-22 14:18:07,137] multiqc                                            [INFO   ]  Search path : /mnt/GDrive_01/Monash/21_Scripts/nf-mucimmuno/scRNAseq/work/e0/0397e5a26e007cea1058d11bc15f7a/PLN_2_val_2_fastqc.zip
[2024-06-22 14:18:07,137] multiqc                                            [INFO   ]  Search path : /mnt/GDrive_01/Monash/21_Scripts/nf-mucimmuno/scRNAseq/work/e0/0397e5a26e007cea1058d11bc15f7a/DM_1_val_1_fastqc.zip
[2024-06-22 14:18:07,137] multiqc                                            [INFO   ]  Search path : /mnt/GDrive_01/Monash/21_Scripts/nf-mucimmuno/scRNAseq/work/e0/0397e5a26e007cea1058d11bc15f7a/DM_2_val_2_fastqc.zip
[2024-06-22 14:18:07,138] multiqc                                            [INFO   ]  Search path : /mnt/GDrive_01/Monash/21_Scripts/nf-mucimmuno/scRNAseq/work/e0/0397e5a26e007cea1058d11bc15f7a/KT_1_val_1_fastqc.zip
[2024-06-22 14:18:07,138] multiqc                                            [INFO   ]  Search path : /mnt/GDrive_01/Monash/21_Scripts/nf-mucimmuno/scRNAseq/work/e0/0397e5a26e007cea1058d11bc15f7a/KT_2_val_2_fastqc.zip
[2024-06-22 14:18:07,138] multiqc                                            [INFO   ]  Search path : /mnt/GDrive_01/Monash/21_Scripts/nf-mucimmuno/scRNAseq/work/e0/0397e5a26e007cea1058d11bc15f7a/SB_1_val_1_fastqc.zip
[2024-06-22 14:18:07,138] multiqc                                            [INFO   ]  Search path : /mnt/GDrive_01/Monash/21_Scripts/nf-mucimmuno/scRNAseq/work/e0/0397e5a26e007cea1058d11bc15f7a/SB_2_val_2_fastqc.zip
[2024-06-22 14:18:07,234] multiqc                                            [DEBUG  ]  Summary of files that were skipped by the search: [skipped_module_specific_max_filesize: 96] // [skipped_no_match: 8]
[2024-06-22 14:18:07,442] multiqc.plots.bargraph                             [DEBUG  ]  Using matplotlib version 3.8.4
[2024-06-22 14:18:07,443] multiqc.plots.linegraph                            [DEBUG  ]  Using matplotlib version 3.8.4
[2024-06-22 14:18:07,443] multiqc                                            [DEBUG  ]  No samples found: custom_content
[2024-06-22 14:18:07,453] multiqc.modules.fastqc.fastqc                      [INFO   ]  Found 8 reports
[2024-06-22 14:18:07,503] multiqc.utils.software_versions                    [DEBUG  ]  Reading software versions from config.software_versions
[2024-06-22 14:18:07,510] multiqc                                            [DEBUG  ]  Compressing plot data
[2024-06-22 14:18:07,564] multiqc                                            [INFO   ]  Report      : posttrim_multiqc_report.html
[2024-06-22 14:18:07,564] multiqc                                            [INFO   ]  Data        : posttrim_multiqc_report_data
[2024-06-22 14:18:07,564] multiqc                                            [DEBUG  ]  Moving data file from '/tmp/tmpbrry9ug4/multiqc_data' to './posttrim_multiqc_report_data'
[2024-06-22 14:18:07,567] multiqc                                            [DEBUG  ]  Full report path: /mnt/GDrive_01/Monash/21_Scripts/nf-mucimmuno/scRNAseq/work/e0/0397e5a26e007cea1058d11bc15f7a/posttrim_multiqc_report.html
[2024-06-22 14:18:07,624] multiqc                                            [INFO   ]  MultiQC complete
