Proceeding with single-core trimming (user-defined)
Path to Cutadapt set as: 'cutadapt' (default)
Cutadapt seems to be working fine (tested command 'cutadapt --version')
Cutadapt version: 4.9
single-core operation.
igzip detected. Using igzip for decompressing

No quality encoding type selected. Assuming that the data provided uses Sanger encoded Phred scores (default)

Writing report to 'PLN_1.fastq.gz_trimming_report.txt'

SUMMARISING RUN PARAMETERS
==========================
Input filename: PLN_1.fastq.gz
Trimming mode: paired-end
Trim Galore version: 0.6.10
Cutadapt version: 4.9
Number of cores used for trimming: 1
Quality Phred score cutoff: 20
Quality encoding type selected: ASCII+33
Adapter sequence: 'AGATCGGAAGAGCACACGTCTGAACTCCAGTCAC' (user defined)
Maximum trimming error rate: 0.1 (default)
Optional adapter 2 sequence (only used for read 2 of paired-end files): 'AGATCGGAAGAGCGTCGTGTAGGGAAAGAGTGT'
Minimum required adapter overlap (stringency): 1 bp
Minimum required sequence length for both reads before a sequence pair gets removed: 43 bp
Running FastQC on the data once trimming has completed
Output file(s) will be GZIP compressed

Cutadapt seems to be fairly up-to-date (version 4.9). Setting -j 1
Writing final adapter and quality trimmed output to PLN_1_trimmed.fq.gz


  >>> Now performing quality (cutoff '-q 20') and adapter trimming in a single pass for the adapter sequence: 'AGATCGGAAGAGCACACGTCTGAACTCCAGTCAC' from file PLN_1.fastq.gz <<< 
This is cutadapt 4.9 with Python 3.12.2
Command line parameters: -j 1 -e 0.1 -q 20 -O 1 -a AGATCGGAAGAGCACACGTCTGAACTCCAGTCAC PLN_1.fastq.gz
Processing single-end reads on 1 core ...
Finished in 0.018 s (9.214 µs/read; 6.51 M reads/minute).

=== Summary ===

Total reads processed:                   2,000
Reads with adapters:                       174 (8.7%)
Reads written (passing filters):         2,000 (100.0%)

Total basepairs processed:       120,000 bp
Quality-trimmed:                     171 bp (0.1%)
Total written (filtered):        119,561 bp (99.6%)

=== Adapter 1 ===

Sequence: AGATCGGAAGAGCACACGTCTGAACTCCAGTCAC; Type: regular 3'; Length: 34; Trimmed: 174 times

Minimum overlap: 1
No. of allowed errors:
1-9 bp: 0; 10-19 bp: 1; 20-29 bp: 2; 30-34 bp: 3

Bases preceding removed adapters:
  A: 28.7%
  C: 25.3%
  G: 10.9%
  T: 35.1%
  none/other: 0.0%

Overview of removed sequences
length	count	expect	max.err	error counts
1	138	500.0	0	138
2	25	125.0	0	25
3	9	31.2	0	9
4	1	7.8	0	1
49	1	0.0	3	1

RUN STATISTICS FOR INPUT FILE: PLN_1.fastq.gz
=============================================
2000 sequences processed in total
The length threshold of paired-end sequences gets evaluated later on (in the validation step)

Writing report to 'PLN_2.fastq.gz_trimming_report.txt'

SUMMARISING RUN PARAMETERS
==========================
Input filename: PLN_2.fastq.gz
Trimming mode: paired-end
Trim Galore version: 0.6.10
Cutadapt version: 4.9
Number of cores used for trimming: 1
Quality Phred score cutoff: 20
Quality encoding type selected: ASCII+33
Adapter sequence: 'AGATCGGAAGAGCACACGTCTGAACTCCAGTCAC' (user defined)
Maximum trimming error rate: 0.1 (default)
Optional adapter 2 sequence (only used for read 2 of paired-end files): 'AGATCGGAAGAGCGTCGTGTAGGGAAAGAGTGT'
Minimum required adapter overlap (stringency): 1 bp
Minimum required sequence length for both reads before a sequence pair gets removed: 43 bp
Running FastQC on the data once trimming has completed
Output file(s) will be GZIP compressed

Cutadapt seems to be fairly up-to-date (version 4.9). Setting -j -j 1
Writing final adapter and quality trimmed output to PLN_2_trimmed.fq.gz


  >>> Now performing quality (cutoff '-q 20') and adapter trimming in a single pass for the adapter sequence: 'AGATCGGAAGAGCGTCGTGTAGGGAAAGAGTGT' from file PLN_2.fastq.gz <<< 
This is cutadapt 4.9 with Python 3.12.2
Command line parameters: -j 1 -e 0.1 -q 20 -O 1 -a AGATCGGAAGAGCGTCGTGTAGGGAAAGAGTGT PLN_2.fastq.gz
Processing single-end reads on 1 core ...
Finished in 0.031 s (15.636 µs/read; 3.84 M reads/minute).

=== Summary ===

Total reads processed:                   2,000
Reads with adapters:                       858 (42.9%)
Reads written (passing filters):         2,000 (100.0%)

Total basepairs processed:       156,000 bp
Quality-trimmed:                     199 bp (0.1%)
Total written (filtered):        154,636 bp (99.1%)

=== Adapter 1 ===

Sequence: AGATCGGAAGAGCGTCGTGTAGGGAAAGAGTGT; Type: regular 3'; Length: 33; Trimmed: 858 times

Minimum overlap: 1
No. of allowed errors:
1-9 bp: 0; 10-19 bp: 1; 20-29 bp: 2; 30-33 bp: 3

Bases preceding removed adapters:
  A: 45.0%
  C: 19.2%
  G: 16.1%
  T: 19.7%
  none/other: 0.0%

Overview of removed sequences
length	count	expect	max.err	error counts
1	681	500.0	0	681
2	127	125.0	0	127
3	32	31.2	0	32
4	17	7.8	0	17
66	1	0.0	3	1

RUN STATISTICS FOR INPUT FILE: PLN_2.fastq.gz
=============================================
2000 sequences processed in total
The length threshold of paired-end sequences gets evaluated later on (in the validation step)

Validate paired-end files PLN_1_trimmed.fq.gz and PLN_2_trimmed.fq.gz
file_1: PLN_1_trimmed.fq.gz, file_2: PLN_2_trimmed.fq.gz


>>>>> Now validing the length of the 2 paired-end infiles: PLN_1_trimmed.fq.gz and PLN_2_trimmed.fq.gz <<<<<
Writing validated paired-end Read 1 reads to PLN_1_val_1.fq.gz
Writing validated paired-end Read 2 reads to PLN_2_val_2.fq.gz

Total number of sequences analysed: 2000

Number of sequence pairs removed because at least one read was shorter than the length cutoff (43 bp): 2 (0.10%)


  >>> Now running FastQC on the validated data PLN_1_val_1.fq.gz<<<

Started analysis of PLN_1_val_1.fq.gz
Approx 50% complete for PLN_1_val_1.fq.gz

  >>> Now running FastQC on the validated data PLN_2_val_2.fq.gz<<<

Started analysis of PLN_2_val_2.fq.gz
Approx 50% complete for PLN_2_val_2.fq.gz
Deleting both intermediate output files PLN_1_trimmed.fq.gz and PLN_2_trimmed.fq.gz

====================================================================================================

