
  /// MultiQC 🔍 | v1.17

|           multiqc | Search path : /mnt/GDrive_01/Monash/21_Scripts/nf-mucimmuno/scRNAseq/work/e8/f32da53446db46b04bef383e7e1d9f/PLN_1_val_1_fastqc.html
|           multiqc | Search path : /mnt/GDrive_01/Monash/21_Scripts/nf-mucimmuno/scRNAseq/work/e8/f32da53446db46b04bef383e7e1d9f/PLN_2_val_2_fastqc.html
|           multiqc | Search path : /mnt/GDrive_01/Monash/21_Scripts/nf-mucimmuno/scRNAseq/work/e8/f32da53446db46b04bef383e7e1d9f/SB_1_val_1_fastqc.html
|           multiqc | Search path : /mnt/GDrive_01/Monash/21_Scripts/nf-mucimmuno/scRNAseq/work/e8/f32da53446db46b04bef383e7e1d9f/SB_2_val_2_fastqc.html
|           multiqc | Search path : /mnt/GDrive_01/Monash/21_Scripts/nf-mucimmuno/scRNAseq/work/e8/f32da53446db46b04bef383e7e1d9f/KT_1_val_1_fastqc.html
|           multiqc | Search path : /mnt/GDrive_01/Monash/21_Scripts/nf-mucimmuno/scRNAseq/work/e8/f32da53446db46b04bef383e7e1d9f/KT_2_val_2_fastqc.html
|           multiqc | Search path : /mnt/GDrive_01/Monash/21_Scripts/nf-mucimmuno/scRNAseq/work/e8/f32da53446db46b04bef383e7e1d9f/DM_1_val_1_fastqc.html
|           multiqc | Search path : /mnt/GDrive_01/Monash/21_Scripts/nf-mucimmuno/scRNAseq/work/e8/f32da53446db46b04bef383e7e1d9f/DM_2_val_2_fastqc.html
|           multiqc | Search path : /mnt/GDrive_01/Monash/21_Scripts/nf-mucimmuno/scRNAseq/work/e8/f32da53446db46b04bef383e7e1d9f/PLN_1_val_1_fastqc.zip
|           multiqc | Search path : /mnt/GDrive_01/Monash/21_Scripts/nf-mucimmuno/scRNAseq/work/e8/f32da53446db46b04bef383e7e1d9f/PLN_2_val_2_fastqc.zip
|           multiqc | Search path : /mnt/GDrive_01/Monash/21_Scripts/nf-mucimmuno/scRNAseq/work/e8/f32da53446db46b04bef383e7e1d9f/SB_1_val_1_fastqc.zip
|           multiqc | Search path : /mnt/GDrive_01/Monash/21_Scripts/nf-mucimmuno/scRNAseq/work/e8/f32da53446db46b04bef383e7e1d9f/SB_2_val_2_fastqc.zip
|           multiqc | Search path : /mnt/GDrive_01/Monash/21_Scripts/nf-mucimmuno/scRNAseq/work/e8/f32da53446db46b04bef383e7e1d9f/KT_1_val_1_fastqc.zip
|           multiqc | Search path : /mnt/GDrive_01/Monash/21_Scripts/nf-mucimmuno/scRNAseq/work/e8/f32da53446db46b04bef383e7e1d9f/KT_2_val_2_fastqc.zip
|           multiqc | Search path : /mnt/GDrive_01/Monash/21_Scripts/nf-mucimmuno/scRNAseq/work/e8/f32da53446db46b04bef383e7e1d9f/DM_1_val_1_fastqc.zip
|           multiqc | Search path : /mnt/GDrive_01/Monash/21_Scripts/nf-mucimmuno/scRNAseq/work/e8/f32da53446db46b04bef383e7e1d9f/DM_2_val_2_fastqc.zip
|         searching | ━━━━━━━━━━━━━━━━━━━━━━━━━━━━━━━━━━━━━━━━ 100% 16/16  
|            fastqc | Found 8 reports
|           multiqc | Report      : posttrim_multiqc_report.html
|           multiqc | Data        : posttrim_multiqc_report_data
|           multiqc | MultiQC complete
